# JRE version: OpenJDK Runtime Environment Microsoft-13106358 (17.0.18+8) (build 17.0.18+8-LTS)
# Java VM: OpenJDK 64-Bit Server VM Microsoft-13106358 (17.0.18+8-LTS, mixed mode, sharing, tiered, compressed oops, compressed class ptrs, g1 gc, windows-amd64)
GC Precious Log:
 CPUs: 16 total, 16 available
 Memory: 16088M
 Large Page Support: Disabled
 NUMA Support: Disabled
 Compressed Oops: Enabled (Zero based)
 Heap Region Size: 2M
 Heap Min Capacity: 8M
 Heap Initial Capacity: 252M
 Heap Max Capacity: 4024M
 Pre-touch: Disabled
 Parallel Workers: 13
 Concurrent Workers: 3
 Concurrent Refinement Workers: 13
 Periodic GC: Disabled
Heap:
 garbage-first heap   total 262144K, used 109205K [0x0000000704800000, 0x0000000800000000)
  region size 2048K, 2 young (4096K), 2 survivors (4096K)
 Metaspace       used 72389K, committed 72768K, reserved 1179648K
  class space    used 7611K, committed 7808K, reserved 1048576K
GC Heap History (20 events):
Event: 2.534 GC heap after
{Heap after GC invocations=10 (full 0):
 garbage-first heap   total 147456K, used 46054K [0x0000000704800000, 0x0000000800000000)
  region size 2048K, 2 young (4096K), 2 survivors (4096K)
 Metaspace       used 43095K, committed 43392K, reserved 1114112K
  class space    used 5124K, committed 5248K, reserved 1048576K
}
Event: 2.968 GC heap before
{Heap before GC invocations=10 (full 0):
 garbage-first heap   total 147456K, used 101350K [0x0000000704800000, 0x0000000800000000)
  region size 2048K, 29 young (59392K), 2 survivors (4096K)
 Metaspace       used 45735K, committed 46080K, reserved 1114112K
  class space    used 5409K, committed 5568K, reserved 1048576K
}
Event: 2.976 GC heap after
{Heap after GC invocations=11 (full 0):
 garbage-first heap   total 147456K, used 57803K [0x0000000704800000, 0x0000000800000000)
  region size 2048K, 4 young (8192K), 4 survivors (8192K)
 Metaspace       used 45735K, committed 46080K, reserved 1114112K
  class space    used 5409K, committed 5568K, reserved 1048576K
}
Event: 3.349 GC heap before
{Heap before GC invocations=11 (full 0):
 garbage-first heap   total 147456K, used 102859K [0x0000000704800000, 0x0000000800000000)
  region size 2048K, 26 young (53248K), 4 survivors (8192K)
 Metaspace       used 47375K, committed 47680K, reserved 1114112K
  class space    used 5484K, committed 5632K, reserved 1048576K
}
Event: 3.361 GC heap after
{Heap after GC invocations=12 (full 0):
 garbage-first heap   total 147456K, used 67183K [0x0000000704800000, 0x0000000800000000)
  region size 2048K, 4 young (8192K), 4 survivors (8192K)
 Metaspace       used 47375K, committed 47680K, reserved 1114112K
  class space    used 5484K, committed 5632K, reserved 1048576K
}
Event: 3.710 GC heap before
{Heap before GC invocations=12 (full 0):
 garbage-first heap   total 147456K, used 108143K [0x0000000704800000, 0x0000000800000000)
  region size 2048K, 24 young (49152K), 4 survivors (8192K)
 Metaspace       used 49220K, committed 49472K, reserved 1114112K
  class space    used 5578K, committed 5696K, reserved 1048576K
}
Event: 3.722 GC heap after
{Heap after GC invocations=13 (full 0):
 garbage-first heap   total 147456K, used 76329K [0x0000000704800000, 0x0000000800000000)
  region size 2048K, 3 young (6144K), 3 survivors (6144K)
 Metaspace       used 49220K, committed 49472K, reserved 1114112K
  class space    used 5578K, committed 5696K, reserved 1048576K
}
Event: 4.069 GC heap before
{Heap before GC invocations=13 (full 0):
 garbage-first heap   total 147456K, used 109097K [0x0000000704800000, 0x0000000800000000)
  region size 2048K, 19 young (38912K), 3 survivors (6144K)
 Metaspace       used 51683K, committed 52032K, reserved 1114112K
  class space    used 5803K, committed 5952K, reserved 1048576K
}
Event: 4.080 GC heap after
{Heap after GC invocations=14 (full 0):
 garbage-first heap   total 182272K, used 82583K [0x0000000704800000, 0x0000000800000000)
  region size 2048K, 3 young (6144K), 3 survivors (6144K)
 Metaspace       used 51683K, committed 52032K, reserved 1114112K
  class space    used 5803K, committed 5952K, reserved 1048576K
}
Event: 4.575 GC heap before
{Heap before GC invocations=15 (full 0):
 garbage-first heap   total 182272K, used 131735K [0x0000000704800000, 0x0000000800000000)
  region size 2048K, 28 young (57344K), 3 survivors (6144K)
 Metaspace       used 57313K, committed 57600K, reserved 1114112K
  class space    used 6329K, committed 6464K, reserved 1048576K
}
Event: 4.583 GC heap after
{Heap after GC invocations=16 (full 0):
 garbage-first heap   total 182272K, used 91520K [0x0000000704800000, 0x0000000800000000)
  region size 2048K, 4 young (8192K), 4 survivors (8192K)
 Metaspace       used 57313K, committed 57600K, reserved 1114112K
  class space    used 6329K, committed 6464K, reserved 1048576K
}
Event: 4.602 GC heap before
{Heap before GC invocations=16 (full 0):
 garbage-first heap   total 182272K, used 93568K [0x0000000704800000, 0x0000000800000000)
  region size 2048K, 5 young (10240K), 4 survivors (8192K)
 Metaspace       used 57802K, committed 58112K, reserved 1114112K
  class space    used 6359K, committed 6528K, reserved 1048576K
}
Event: 4.606 GC heap after
{Heap after GC invocations=17 (full 0):
 garbage-first heap   total 182272K, used 92289K [0x0000000704800000, 0x0000000800000000)
  region size 2048K, 1 young (2048K), 1 survivors (2048K)
 Metaspace       used 57802K, committed 58112K, reserved 1114112K
  class space    used 6359K, committed 6528K, reserved 1048576K
}
Event: 5.082 GC heap before
{Heap before GC invocations=17 (full 0):
 garbage-first heap   total 182272K, used 137345K [0x0000000704800000, 0x0000000800000000)
  region size 2048K, 23 young (47104K), 1 survivors (2048K)
 Metaspace       used 62044K, committed 62336K, reserved 1114112K
  class space    used 6710K, committed 6848K, reserved 1048576K
}
Event: 5.095 GC heap after
{Heap after GC invocations=18 (full 0):
 garbage-first heap   total 182272K, used 97723K [0x0000000704800000, 0x0000000800000000)
  region size 2048K, 3 young (6144K), 3 survivors (6144K)
 Metaspace       used 62044K, committed 62336K, reserved 1114112K
  class space    used 6710K, committed 6848K, reserved 1048576K
}
Event: 5.503 GC heap before
{Heap before GC invocations=19 (full 0):
 garbage-first heap   total 182272K, used 138683K [0x0000000704800000, 0x0000000800000000)
  region size 2048K, 24 young (49152K), 3 survivors (6144K)
 Metaspace       used 65202K, committed 65600K, reserved 1114112K
  class space    used 7040K, committed 7232K, reserved 1048576K
}
Event: 5.510 GC heap after
{Heap after GC invocations=20 (full 0):
 garbage-first heap   total 182272K, used 105516K [0x0000000704800000, 0x0000000800000000)
  region size 2048K, 3 young (6144K), 3 survivors (6144K)
 Metaspace       used 65202K, committed 65600K, reserved 1114112K
  class space    used 7040K, committed 7232K, reserved 1048576K
}
Event: 5.535 GC heap before
{Heap before GC invocations=20 (full 0):
 garbage-first heap   total 182272K, used 105516K [0x0000000704800000, 0x0000000800000000)
  region size 2048K, 4 young (8192K), 3 survivors (6144K)
 Metaspace       used 65564K, committed 65920K, reserved 1114112K
  class space    used 7086K, committed 7232K, reserved 1048576K
}
Event: 5.539 GC heap after
{Heap after GC invocations=21 (full 0):
 garbage-first heap   total 182272K, used 106559K [0x0000000704800000, 0x0000000800000000)
  region size 2048K, 1 young (2048K), 1 survivors (2048K)
 Metaspace       used 65564K, committed 65920K, reserved 1114112K
  class space    used 7086K, committed 7232K, reserved 1048576K
}
Event: 6.239 GC heap before
{Heap before GC invocations=21 (full 0):
 garbage-first heap   total 182272K, used 143423K [0x0000000704800000, 0x0000000800000000)
  region size 2048K, 19 young (38912K), 1 survivors (2048K)
 Metaspace       used 72389K, committed 72768K, reserved 1179648K
  class space    used 7611K, committed 7808K, reserved 1048576K
}

