# JRE version: OpenJDK Runtime Environment Microsoft-13106358 (17.0.18+8) (build 17.0.18+8-LTS)
# Java VM: OpenJDK 64-Bit Server VM Microsoft-13106358 (17.0.18+8-LTS, mixed mode, sharing, tiered, compressed oops, compressed class ptrs, g1 gc, windows-amd64)
GC Precious Log:
 CPUs: 16 total, 16 available
 Memory: 16088M
 Large Page Support: Disabled
 NUMA Support: Disabled
 Compressed Oops: Enabled (Zero based)
 Heap Region Size: 2M
 Heap Min Capacity: 8M
 Heap Initial Capacity: 252M
 Heap Max Capacity: 4024M
 Pre-touch: Disabled
 Parallel Workers: 13
 Concurrent Workers: 3
 Concurrent Refinement Workers: 13
 Periodic GC: Disabled
Heap:
 garbage-first heap   total 262144K, used 118176K [0x0000000704800000, 0x0000000800000000)
  region size 2048K, 1 young (2048K), 1 survivors (2048K)
 Metaspace       used 79008K, committed 79424K, reserved 1179648K
  class space    used 8110K, committed 8320K, reserved 1048576K
GC Heap History (20 events):
Event: 2.409 GC heap after
{Heap after GC invocations=8 (full 0):
 garbage-first heap   total 90112K, used 30784K [0x0000000704800000, 0x0000000800000000)
  region size 2048K, 3 young (6144K), 3 survivors (6144K)
 Metaspace       used 39703K, committed 40000K, reserved 1114112K
  class space    used 4768K, committed 4928K, reserved 1048576K
}
Event: 2.413 GC heap before
{Heap before GC invocations=8 (full 0):
 garbage-first heap   total 90112K, used 30784K [0x0000000704800000, 0x0000000800000000)
  region size 2048K, 4 young (8192K), 3 survivors (6144K)
 Metaspace       used 39713K, committed 40000K, reserved 1114112K
  class space    used 4768K, committed 4928K, reserved 1048576K
}
Event: 2.424 GC heap after
{Heap after GC invocations=9 (full 0):
 garbage-first heap   total 90112K, used 33310K [0x0000000704800000, 0x0000000800000000)
  region size 2048K, 1 young (2048K), 1 survivors (2048K)
 Metaspace       used 39713K, committed 40000K, reserved 1114112K
  class space    used 4768K, committed 4928K, reserved 1048576K
}
Event: 2.490 GC heap before
{Heap before GC invocations=9 (full 0):
 garbage-first heap   total 90112K, used 61982K [0x0000000704800000, 0x0000000800000000)
  region size 2048K, 15 young (30720K), 1 survivors (2048K)
 Metaspace       used 40057K, committed 40320K, reserved 1114112K
  class space    used 4790K, committed 4928K, reserved 1048576K
}
Event: 2.508 GC heap after
{Heap after GC invocations=10 (full 0):
 garbage-first heap   total 221184K, used 42942K [0x0000000704800000, 0x0000000800000000)
  region size 2048K, 2 young (4096K), 2 survivors (4096K)
 Metaspace       used 40057K, committed 40320K, reserved 1114112K
  class space    used 4790K, committed 4928K, reserved 1048576K
}
Event: 3.635 GC heap before
{Heap before GC invocations=10 (full 0):
 garbage-first heap   total 221184K, used 143294K [0x0000000704800000, 0x0000000800000000)
  region size 2048K, 51 young (104448K), 2 survivors (4096K)
 Metaspace       used 46794K, committed 47104K, reserved 1114112K
  class space    used 5462K, committed 5632K, reserved 1048576K
}
Event: 3.644 GC heap after
{Heap after GC invocations=11 (full 0):
 garbage-first heap   total 221184K, used 62223K [0x0000000704800000, 0x0000000800000000)
  region size 2048K, 7 young (14336K), 7 survivors (14336K)
 Metaspace       used 46794K, committed 47104K, reserved 1114112K
  class space    used 5462K, committed 5632K, reserved 1048576K
}
Event: 4.327 GC heap before
{Heap before GC invocations=11 (full 0):
 garbage-first heap   total 221184K, used 137999K [0x0000000704800000, 0x0000000800000000)
  region size 2048K, 44 young (90112K), 7 survivors (14336K)
 Metaspace       used 50515K, committed 50816K, reserved 1114112K
  class space    used 5743K, committed 5888K, reserved 1048576K
}
Event: 4.339 GC heap after
{Heap after GC invocations=12 (full 0):
 garbage-first heap   total 221184K, used 78434K [0x0000000704800000, 0x0000000800000000)
  region size 2048K, 6 young (12288K), 6 survivors (12288K)
 Metaspace       used 50515K, committed 50816K, reserved 1114112K
  class space    used 5743K, committed 5888K, reserved 1048576K
}
Event: 5.020 GC heap before
{Heap before GC invocations=12 (full 0):
 garbage-first heap   total 221184K, used 148066K [0x0000000704800000, 0x0000000800000000)
  region size 2048K, 40 young (81920K), 6 survivors (12288K)
 Metaspace       used 56750K, committed 57024K, reserved 1114112K
  class space    used 6264K, committed 6400K, reserved 1048576K
}
Event: 5.031 GC heap after
{Heap after GC invocations=13 (full 0):
 garbage-first heap   total 221184K, used 92160K [0x0000000704800000, 0x0000000800000000)
  region size 2048K, 5 young (10240K), 5 survivors (10240K)
 Metaspace       used 56750K, committed 57024K, reserved 1114112K
  class space    used 6264K, committed 6400K, reserved 1048576K
}
Event: 5.451 GC heap before
{Heap before GC invocations=13 (full 0):
 garbage-first heap   total 221184K, used 126976K [0x0000000704800000, 0x0000000800000000)
  region size 2048K, 23 young (47104K), 5 survivors (10240K)
 Metaspace       used 59842K, committed 60096K, reserved 1114112K
  class space    used 6463K, committed 6592K, reserved 1048576K
}
Event: 5.459 GC heap after
{Heap after GC invocations=14 (full 0):
 garbage-first heap   total 221184K, used 99418K [0x0000000704800000, 0x0000000800000000)
  region size 2048K, 3 young (6144K), 3 survivors (6144K)
 Metaspace       used 59842K, committed 60096K, reserved 1114112K
  class space    used 6463K, committed 6592K, reserved 1048576K
}
Event: 6.319 GC heap before
{Heap before GC invocations=15 (full 0):
 garbage-first heap   total 221184K, used 162906K [0x0000000704800000, 0x0000000800000000)
  region size 2048K, 34 young (69632K), 3 survivors (6144K)
 Metaspace       used 66229K, committed 66624K, reserved 1114112K
  class space    used 7113K, committed 7296K, reserved 1048576K
}
Event: 6.327 GC heap after
{Heap after GC invocations=16 (full 0):
 garbage-first heap   total 221184K, used 109872K [0x0000000704800000, 0x0000000800000000)
  region size 2048K, 5 young (10240K), 5 survivors (10240K)
 Metaspace       used 66229K, committed 66624K, reserved 1114112K
  class space    used 7113K, committed 7296K, reserved 1048576K
}
Event: 7.455 GC heap before
{Heap before GC invocations=16 (full 0):
 garbage-first heap   total 221184K, used 167216K [0x0000000704800000, 0x0000000800000000)
  region size 2048K, 33 young (67584K), 5 survivors (10240K)
 Metaspace       used 76990K, committed 77440K, reserved 1179648K
  class space    used 7997K, committed 8192K, reserved 1048576K
}
Event: 7.463 GC heap after
{Heap after GC invocations=17 (full 0):
 garbage-first heap   total 221184K, used 115736K [0x0000000704800000, 0x0000000800000000)
  region size 2048K, 3 young (6144K), 3 survivors (6144K)
 Metaspace       used 76990K, committed 77440K, reserved 1179648K
  class space    used 7997K, committed 8192K, reserved 1048576K
}
Event: 7.996 GC heap before
{Heap before GC invocations=18 (full 0):
 garbage-first heap   total 221184K, used 168984K [0x0000000704800000, 0x0000000800000000)
  region size 2048K, 30 young (61440K), 3 survivors (6144K)
 Metaspace       used 78967K, committed 79424K, reserved 1179648K
  class space    used 8110K, committed 8320K, reserved 1048576K
}
Event: 8.001 GC heap after
{Heap after GC invocations=19 (full 0):
 garbage-first heap   total 221184K, used 119360K [0x0000000704800000, 0x0000000800000000)
  region size 2048K, 3 young (6144K), 3 survivors (6144K)
 Metaspace       used 78967K, committed 79424K, reserved 1179648K
  class space    used 8110K, committed 8320K, reserved 1048576K
}
Event: 8.028 GC heap before
{Heap before GC invocations=19 (full 0):
 garbage-first heap   total 221184K, used 123456K [0x0000000704800000, 0x0000000800000000)
  region size 2048K, 5 young (10240K), 3 survivors (6144K)
 Metaspace       used 79008K, committed 79424K, reserved 1179648K
  class space    used 8110K, committed 8320K, reserved 1048576K
}

