# JRE version: OpenJDK Runtime Environment Microsoft-13106358 (17.0.18+8) (build 17.0.18+8-LTS)
# Java VM: OpenJDK 64-Bit Server VM Microsoft-13106358 (17.0.18+8-LTS, mixed mode, sharing, tiered, compressed oops, compressed class ptrs, g1 gc, windows-amd64)
GC Precious Log:
 CPUs: 16 total, 16 available
 Memory: 16088M
 Large Page Support: Disabled
 NUMA Support: Disabled
 Compressed Oops: Enabled (Zero based)
 Heap Region Size: 2M
 Heap Min Capacity: 8M
 Heap Initial Capacity: 252M
 Heap Max Capacity: 4024M
 Pre-touch: Disabled
 Parallel Workers: 13
 Concurrent Workers: 3
 Concurrent Refinement Workers: 13
 Periodic GC: Disabled
Heap:
 garbage-first heap   total 262144K, used 116326K [0x0000000704800000, 0x0000000800000000)
  region size 2048K, 2 young (4096K), 2 survivors (4096K)
 Metaspace       used 78790K, committed 79168K, reserved 1179648K
  class space    used 8110K, committed 8256K, reserved 1048576K
GC Heap History (20 events):
Event: 3.723 GC heap after
{Heap after GC invocations=12 (full 0):
 garbage-first heap   total 149504K, used 67314K [0x0000000704800000, 0x0000000800000000)
  region size 2048K, 4 young (8192K), 4 survivors (8192K)
 Metaspace       used 47432K, committed 47680K, reserved 1114112K
  class space    used 5486K, committed 5632K, reserved 1048576K
}
Event: 4.069 GC heap before
{Heap before GC invocations=12 (full 0):
 garbage-first heap   total 149504K, used 108274K [0x0000000704800000, 0x0000000800000000)
  region size 2048K, 24 young (49152K), 4 survivors (8192K)
 Metaspace       used 48274K, committed 48576K, reserved 1114112K
  class space    used 5516K, committed 5632K, reserved 1048576K
}
Event: 4.083 GC heap after
{Heap after GC invocations=13 (full 0):
 garbage-first heap   total 149504K, used 77824K [0x0000000704800000, 0x0000000800000000)
  region size 2048K, 3 young (6144K), 3 survivors (6144K)
 Metaspace       used 48274K, committed 48576K, reserved 1114112K
  class space    used 5516K, committed 5632K, reserved 1048576K
}
Event: 4.534 GC heap before
{Heap before GC invocations=13 (full 0):
 garbage-first heap   total 149504K, used 110592K [0x0000000704800000, 0x0000000800000000)
  region size 2048K, 19 young (38912K), 3 survivors (6144K)
 Metaspace       used 51721K, committed 52032K, reserved 1114112K
  class space    used 5806K, committed 5952K, reserved 1048576K
}
Event: 4.544 GC heap after
{Heap after GC invocations=14 (full 0):
 garbage-first heap   total 182272K, used 84690K [0x0000000704800000, 0x0000000800000000)
  region size 2048K, 3 young (6144K), 3 survivors (6144K)
 Metaspace       used 51721K, committed 52032K, reserved 1114112K
  class space    used 5806K, committed 5952K, reserved 1048576K
}
Event: 5.038 GC heap before
{Heap before GC invocations=15 (full 0):
 garbage-first heap   total 182272K, used 131794K [0x0000000704800000, 0x0000000800000000)
  region size 2048K, 27 young (55296K), 3 survivors (6144K)
 Metaspace       used 56195K, committed 56576K, reserved 1114112K
  class space    used 6215K, committed 6400K, reserved 1048576K
}
Event: 5.046 GC heap after
{Heap after GC invocations=16 (full 0):
 garbage-first heap   total 182272K, used 93255K [0x0000000704800000, 0x0000000800000000)
  region size 2048K, 4 young (8192K), 4 survivors (8192K)
 Metaspace       used 56195K, committed 56576K, reserved 1114112K
  class space    used 6215K, committed 6400K, reserved 1048576K
}
Event: 5.638 GC heap before
{Heap before GC invocations=16 (full 0):
 garbage-first heap   total 182272K, used 138311K [0x0000000704800000, 0x0000000800000000)
  region size 2048K, 26 young (53248K), 4 survivors (8192K)
 Metaspace       used 60783K, committed 61120K, reserved 1114112K
  class space    used 6559K, committed 6720K, reserved 1048576K
}
Event: 5.646 GC heap after
{Heap after GC invocations=17 (full 0):
 garbage-first heap   total 182272K, used 100774K [0x0000000704800000, 0x0000000800000000)
  region size 2048K, 4 young (8192K), 4 survivors (8192K)
 Metaspace       used 60783K, committed 61120K, reserved 1114112K
  class space    used 6559K, committed 6720K, reserved 1048576K
}
Event: 6.158 GC heap before
{Heap before GC invocations=18 (full 0):
 garbage-first heap   total 182272K, used 141734K [0x0000000704800000, 0x0000000800000000)
  region size 2048K, 24 young (49152K), 4 survivors (8192K)
 Metaspace       used 63455K, committed 63808K, reserved 1114112K
  class space    used 6834K, committed 6976K, reserved 1048576K
}
Event: 6.166 GC heap after
{Heap after GC invocations=19 (full 0):
 garbage-first heap   total 182272K, used 108383K [0x0000000704800000, 0x0000000800000000)
  region size 2048K, 3 young (6144K), 3 survivors (6144K)
 Metaspace       used 63455K, committed 63808K, reserved 1114112K
  class space    used 6834K, committed 6976K, reserved 1048576K
}
Event: 6.186 GC heap before
{Heap before GC invocations=19 (full 0):
 garbage-first heap   total 182272K, used 110431K [0x0000000704800000, 0x0000000800000000)
  region size 2048K, 4 young (8192K), 3 survivors (6144K)
 Metaspace       used 63531K, committed 63872K, reserved 1114112K
  class space    used 6835K, committed 6976K, reserved 1048576K
}
Event: 6.193 GC heap after
{Heap after GC invocations=20 (full 0):
 garbage-first heap   total 182272K, used 108900K [0x0000000704800000, 0x0000000800000000)
  region size 2048K, 1 young (2048K), 1 survivors (2048K)
 Metaspace       used 63531K, committed 63872K, reserved 1114112K
  class space    used 6835K, committed 6976K, reserved 1048576K
}
Event: 6.929 GC heap before
{Heap before GC invocations=20 (full 0):
 garbage-first heap   total 182272K, used 143716K [0x0000000704800000, 0x0000000800000000)
  region size 2048K, 18 young (36864K), 1 survivors (2048K)
 Metaspace       used 70270K, committed 70656K, reserved 1114112K
  class space    used 7481K, committed 7616K, reserved 1048576K
}
Event: 6.933 GC heap after
{Heap after GC invocations=21 (full 0):
 garbage-first heap   total 182272K, used 111749K [0x0000000704800000, 0x0000000800000000)
  region size 2048K, 2 young (4096K), 2 survivors (4096K)
 Metaspace       used 70270K, committed 70656K, reserved 1114112K
  class space    used 7481K, committed 7616K, reserved 1048576K
}
Event: 7.577 GC heap before
{Heap before GC invocations=22 (full 0):
 garbage-first heap   total 192512K, used 142469K [0x0000000704800000, 0x0000000800000000)
  region size 2048K, 18 young (36864K), 2 survivors (4096K)
 Metaspace       used 76641K, committed 77056K, reserved 1179648K
  class space    used 7986K, committed 8192K, reserved 1048576K
}
Event: 7.582 GC heap after
{Heap after GC invocations=23 (full 0):
 garbage-first heap   total 192512K, used 113740K [0x0000000704800000, 0x0000000800000000)
  region size 2048K, 1 young (2048K), 1 survivors (2048K)
 Metaspace       used 76641K, committed 77056K, reserved 1179648K
  class space    used 7986K, committed 8192K, reserved 1048576K
}
Event: 7.665 GC heap before
{Heap before GC invocations=23 (full 0):
 garbage-first heap   total 192512K, used 117836K [0x0000000704800000, 0x0000000800000000)
  region size 2048K, 4 young (8192K), 1 survivors (2048K)
 Metaspace       used 77334K, committed 77696K, reserved 1179648K
  class space    used 8038K, committed 8192K, reserved 1048576K
}
Event: 7.668 GC heap after
{Heap after GC invocations=24 (full 0):
 garbage-first heap   total 192512K, used 113538K [0x0000000704800000, 0x0000000800000000)
  region size 2048K, 1 young (2048K), 1 survivors (2048K)
 Metaspace       used 77334K, committed 77696K, reserved 1179648K
  class space    used 8038K, committed 8192K, reserved 1048576K
}
Event: 8.062 GC heap before
{Heap before GC invocations=24 (full 0):
 garbage-first heap   total 192512K, used 152450K [0x0000000704800000, 0x0000000800000000)
  region size 2048K, 20 young (40960K), 1 survivors (2048K)
 Metaspace       used 78790K, committed 79168K, reserved 1179648K
  class space    used 8110K, committed 8256K, reserved 1048576K
}

